[theconception2021.web.app/index.html]
[backblue.gif]
[fade.gif]
[index.html]
[theconception2021.web.app/assets/img/favicon.png]
[theconception2021.web.app/assets/css/devfolio.css]
[theconception2021.web.app/assets/img/apple-touch-icon.png]
[theconception2021.web.app/assets/vendor/aos/aos.css]
[theconception2021.web.app/assets/vendor/bootstrap/css/bootstrap.min.css]
[theconception2021.web.app/assets/vendor/bootstrap-icons/bootstrap-icons.css]
[theconception2021.web.app/assets/vendor/boxicons/css/boxicons.min.css]
[theconception2021.web.app/assets/vendor/glightbox/css/glightbox.min.css]
[theconception2021.web.app/assets/vendor/swiper/swiper-bundle.min.css]
[maxcdn.bootstrapcdn.com/font-awesome/4.5.0/css/font-awesome.min.css]
[cdn.jsdelivr.net/sharer.js/latest/sharer.min.js]
[theconception2021.web.app/assets/vendor/icofont/icofont.min.css]
[cdnjs.cloudflare.com/ajax/libs/jquery/2.1.3/jquery.min.js]
[maxcdn.bootstrapcdn.com/bootstrap/3.3.5/js/bootstrap.min.js]
[maxcdn.bootstrapcdn.com/bootstrap/3.3.5/css/bootstrap.min.css]
[theconception2021.web.app/assets/css/style.css]
[theconception2021.web.app/assets/img/logo.png]
[theconception2021.web.app/assets/img/azim/feature2.jpg]
[theconception2021.web.app/resources.html]
[theconception2021.web.app/assets/img/speakers/s5.jpg]
[theconception2021.web.app/assets/img/speakers/s2.jpg]
[theconception2021.web.app/assets/img/speakers/s1.jpg]
[theconception2021.web.app/assets/img/speakers/s4.jpg]
[theconception2021.web.app/assets/img/speakers/s6.jpg]
[theconception2021.web.app/assets/img/speakers/s3.jpg]
[theconception2021.web.app/assets/img/prizes/pr2.jpg]
[theconception2021.web.app/assets/img/prizes/pr1.jpg]
[theconception2021.web.app/assets/img/prizes/pr4.jpg]
[theconception2021.web.app/assets/img/prizes/pr3.jpg]
[secure.meetupstatic.com/photos/event/8/f/8/8/600_496536744.jpg]
[secure.meetupstatic.com/photos/event/8/f/b/7/600_496536791.jpg]
[secure.meetupstatic.com/photos/event/9/1/0/6/600_496537126.jpg]
[secure.meetupstatic.com/photos/event/b/5/4/a/600_497386410.jpg]
[static.wixstatic.com/media/14aa51_984f06b770164a0980c9f2f5b901e95e_mv2.jpg]
[secure.meetupstatic.com/photos/event/b/5/8/8/600_497386472.jpg]
[static.wixstatic.com/media/14aa51_2230c6cd0441455490b0e783d0364259_mv2.jpg]
[static.wixstatic.com/media/14aa51_029079742d3b43a99784f978496e01b3_mv2.jpg]
[secure.meetupstatic.com/photos/event/8/f/d/d/600_496536829.jpg]
[theconception2021.web.app/assets/img/speakers/j1.jpg]
[theconception2021.web.app/assets/img/speakers/j2.jpg]
[theconception2021.web.app/assets/img/speakers/j3.jpg]
[theconception2021.web.app/assets/img/testimonials/01.jpg]
[theconception2021.web.app/assets/img/testimonials/04.jpg]
[theconception2021.web.app/assets/img/supporters/2.png]
[theconception2021.web.app/assets/img/supporters/3.png]
[theconception2021.web.app/assets/img/testimonials/03.jpg]
[theconception2021.web.app/assets/img/supporters/4.png]
[theconception2021.web.app/assets/img/supporters/5.png]
[theconception2021.web.app/assets/img/supporters/6.png]
[theconception2021.web.app/assets/img/supporters/8.png]
[theconception2021.web.app/assets/img/supporters/inst1.png]
[theconception2021.web.app/assets/img/supporters/inst2.png]
[theconception2021.web.app/assets/img/supporters/inst3.png]
[theconception2021.web.app/assets/img/supporters/p1.png]
[theconception2021.web.app/assets/img/supporters/p2.png]
[theconception2021.web.app/assets/img/supporters/p3.png]
[theconception2021.web.app/assets/img/supporters/p4.png]
[theconception2021.web.app/assets/vendor/bootstrap/js/bootstrap.bundle.min.js]
[theconception2021.web.app/assets/vendor/aos/aos.js]
[theconception2021.web.app/assets/vendor/isotope-layout/isotope.pkgd.min.js]
[theconception2021.web.app/assets/vendor/glightbox/js/glightbox.min.js]
[theconception2021.web.app/assets/vendor/typed.js/typed.min.js]
[theconception2021.web.app/assets/vendor/waypoints/noframework.waypoints.js]
[apply.devfolio.co/v2/sdk.js]
[theconception2021.web.app/assets/js/main.js]
[theconception2021.web.app/assets/sounds/beep2.mp3]
[theconception2021.web.app/index.html]
[theconception2021.web.app/assets/css/devfolio.css]
[theconception2021.web.app/assets/vendor/aos/aos.css]
[theconception2021.web.app/assets/vendor/bootstrap/css/bootstrap.min.css]
[theconception2021.web.app/assets/vendor/swiper/swiper-bundle.min.js]
[theconception2021.web.app/assets/vendor/bootstrap-icons/bootstrap-icons.css]
[theconception2021.web.app/assets/vendor/bootstrap-icons/fonts/bootstrap-icons63f3.woff]
[theconception2021.web.app/assets/vendor/bootstrap-icons/fonts/bootstrap-icons63f3.woff2]
[theconception2021.web.app/assets/vendor/boxicons/fonts/boxicons.eot]
[theconception2021.web.app/assets/vendor/boxicons/fonts/boxicons.woff2]
[theconception2021.web.app/assets/vendor/boxicons/fonts/boxicons.woff]
[theconception2021.web.app/assets/vendor/boxicons/css/boxicons.min.css]
[theconception2021.web.app/assets/vendor/glightbox/css/glightbox.min.css]
[theconception2021.web.app/assets/vendor/swiper/swiper-bundle.min.css]
[theconception2021.web.app/assets/vendor/boxicons/fonts/boxicons.ttf]
[theconception2021.web.app/assets/vendor/icofont/icofont.min.css]
[maxcdn.bootstrapcdn.com/font-awesome/4.5.0/css/font-awesome.min.css]
[maxcdn.bootstrapcdn.com/bootstrap/3.3.5/css/bootstrap.min.css]
[theconception2021.web.app/assets/img/testimonials/02.jpg]
[theconception2021.web.app/assets/css/style.css]
[theconception2021.web.app/resources.html]
[theconception2021.web.app/assets/img/hero-bg.jpg]
[theconception2021.web.app/assets/vendor/boxicons/fonts/boxiconsd41d.svg]
[theconception2021.web.app/assets/vendor/boxicons/fonts/boxiconsd41d.svg]
[theconception2021.web.app/assets/vendor/icofont/fonts/icofont.woff2]
[theconception2021.web.app/assets/vendor/icofont/fonts/icofont.html]
[theconception2021.web.app/assets/img/venue-info-bg.html]
